npm error code ERESOLVE
npm error ERESOLVE could not resolve
npm error
npm error While resolving: @react-three/drei@10.2.0
npm error Found: @react-three/fiber@8.15.12
npm error node_modules/@react-three/fiber
npm error   @react-three/fiber@"^8.15.12" from the root project
npm error
npm error Could not resolve dependency:
npm error peer @react-three/fiber@"^9.0.0" from @react-three/drei@10.2.0
npm error node_modules/@react-three/drei
npm error   @react-three/drei@"^10.2.0" from the root project
npm error
npm error Conflicting peer dependency: @react-three/fiber@9.1.2
npm error node_modules/@react-three/fiber
npm error   peer @react-three/fiber@"^9.0.0" from @react-three/drei@10.2.0
npm error   node_modules/@react-three/drei
npm error     @react-three/drei@"^10.2.0" from the root project
npm error
npm error Fix the upstream dependency conflict, or retry
npm error this command with --force or --legacy-peer-deps
npm error to accept an incorrect (and potentially broken) dependency resolution.
npm error
npm error
npm error For a full report see:
npm error C:\Users\info\AppData\Local\npm-cache\_logs\2025-06-28T09_37_52_344Z-eresolve-report.txt
npm error A complete log of this run can be found in: C:\Users\info\AppData\Local\npm-cache\_logs\2025-06-28T09_37_52_344Z-debug-0.log
